2022-05-02 18:50:14,162 - kedro.framework.session.session - INFO - ** Kedro project kedro-airflow-iris
2022-05-02 18:50:14,563 - kedro.io.data_catalog - INFO - Loading data from `example_iris_data` (CSVDataSet)...
2022-05-02 18:50:14,567 - kedro.io.data_catalog - INFO - Loading data from `parameters` (MemoryDataSet)...
2022-05-02 18:50:14,567 - kedro.pipeline.node - INFO - Running node: split: split_data([example_iris_data,parameters]) -> [X_train,X_test,y_train,y_test]
2022-05-02 18:50:14,571 - kedro.io.data_catalog - INFO - Saving data to `X_train` (MemoryDataSet)...
2022-05-02 18:50:14,571 - kedro.io.data_catalog - INFO - Saving data to `X_test` (MemoryDataSet)...
2022-05-02 18:50:14,571 - kedro.io.data_catalog - INFO - Saving data to `y_train` (MemoryDataSet)...
2022-05-02 18:50:14,571 - kedro.io.data_catalog - INFO - Saving data to `y_test` (MemoryDataSet)...
2022-05-02 18:50:14,571 - kedro.runner.sequential_runner - INFO - Completed 1 out of 3 tasks
2022-05-02 18:50:14,571 - kedro.io.data_catalog - INFO - Loading data from `X_train` (MemoryDataSet)...
2022-05-02 18:50:14,571 - kedro.io.data_catalog - INFO - Loading data from `X_test` (MemoryDataSet)...
2022-05-02 18:50:14,571 - kedro.io.data_catalog - INFO - Loading data from `y_train` (MemoryDataSet)...
2022-05-02 18:50:14,571 - kedro.pipeline.node - INFO - Running node: make_predictions: make_predictions([X_train,X_test,y_train]) -> [y_pred]
2022-05-02 18:50:14,572 - kedro.io.data_catalog - INFO - Saving data to `y_pred` (MemoryDataSet)...
2022-05-02 18:50:14,572 - kedro.runner.sequential_runner - INFO - Completed 2 out of 3 tasks
2022-05-02 18:50:14,572 - kedro.io.data_catalog - INFO - Loading data from `y_pred` (MemoryDataSet)...
2022-05-02 18:50:14,572 - kedro.io.data_catalog - INFO - Loading data from `y_test` (MemoryDataSet)...
2022-05-02 18:50:14,572 - kedro.pipeline.node - INFO - Running node: report_accuracy: report_accuracy([y_pred,y_test]) -> None
2022-05-02 18:50:14,572 - new_kedro_project.nodes - INFO - Model has accuracy of 0.933 on test data.
2022-05-02 18:50:14,572 - kedro.runner.sequential_runner - INFO - Completed 3 out of 3 tasks
2022-05-02 18:50:14,572 - kedro.runner.sequential_runner - INFO - Pipeline execution completed successfully.
2022-05-02 18:50:14,572 - kedro.framework.session.store - INFO - `save()` not implemented for `BaseSessionStore`. Skipping the step.
